# JRE version: Java(TM) SE Runtime Environment (8.0_221-b11) (build 1.8.0_221-b11)
# Java VM: Java HotSpot(TM) 64-Bit Server VM (25.221-b11 mixed mode windows-amd64 compressed oops)
Heap:
 PSYoungGen      total 355328K, used 22102K [0x000000076ae00000, 0x0000000789b00000, 0x00000007c0000000)
  eden space 336384K, 6% used [0x000000076ae00000,0x000000076c395be0,0x000000077f680000)
  from space 18944K, 0% used [0x000000077f680000,0x000000077f680000,0x0000000780900000)
  to   space 17920K, 0% used [0x0000000788980000,0x0000000788980000,0x0000000789b00000)
 ParOldGen       total 174080K, used 18733K [0x00000006c0a00000, 0x00000006cb400000, 0x000000076ae00000)
  object space 174080K, 10% used [0x00000006c0a00000,0x00000006c1c4b5f8,0x00000006cb400000)
 Metaspace       used 57036K, capacity 59868K, committed 59944K, reserved 1101824K
  class space    used 7934K, capacity 8450K, committed 8496K, reserved 1048576K
GC Heap History (10 events):
Event: 5.519 GC heap before
{Heap before GC invocations=8 (full 1):
 PSYoungGen      total 221696K, used 61996K [0x000000076ae00000, 0x0000000779780000, 0x00000007c0000000)
  eden space 210944K, 24% used [0x000000076ae00000,0x000000076e00ddc8,0x0000000777c00000)
  from space 10752K, 99% used [0x0000000778d00000,0x000000077977d580,0x0000000779780000)
  to   space 12800K, 0% used [0x0000000777e80000,0x0000000777e80000,0x0000000778b00000)
 ParOldGen       total 90624K, used 5988K [0x00000006c0a00000, 0x00000006c6280000, 0x000000076ae00000)
  object space 90624K, 6% used [0x00000006c0a00000,0x00000006c0fd9270,0x00000006c6280000)
 Metaspace       used 33626K, capacity 35416K, committed 35496K, reserved 1079296K
  class space    used 4381K, capacity 4730K, committed 4784K, reserved 1048576K
Event: 5.529 GC heap after
Heap after GC invocations=8 (full 1):
 PSYoungGen      total 226304K, used 7985K [0x000000076ae00000, 0x0000000781500000, 0x00000007c0000000)
  eden space 213504K, 0% used [0x000000076ae00000,0x000000076ae00000,0x0000000777e80000)
  from space 12800K, 62% used [0x0000000777e80000,0x000000077864c688,0x0000000778b00000)
  to   space 12288K, 0% used [0x0000000780900000,0x0000000780900000,0x0000000781500000)
 ParOldGen       total 90624K, used 5996K [0x00000006c0a00000, 0x00000006c6280000, 0x000000076ae00000)
  object space 90624K, 6% used [0x00000006c0a00000,0x00000006c0fdb270,0x00000006c6280000)
 Metaspace       used 33626K, capacity 35416K, committed 35496K, reserved 1079296K
  class space    used 4381K, capacity 4730K, committed 4784K, reserved 1048576K
}
Event: 5.529 GC heap before
{Heap before GC invocations=9 (full 2):
 PSYoungGen      total 226304K, used 7985K [0x000000076ae00000, 0x0000000781500000, 0x00000007c0000000)
  eden space 213504K, 0% used [0x000000076ae00000,0x000000076ae00000,0x0000000777e80000)
  from space 12800K, 62% used [0x0000000777e80000,0x000000077864c688,0x0000000778b00000)
  to   space 12288K, 0% used [0x0000000780900000,0x0000000780900000,0x0000000781500000)
 ParOldGen       total 90624K, used 5996K [0x00000006c0a00000, 0x00000006c6280000, 0x000000076ae00000)
  object space 90624K, 6% used [0x00000006c0a00000,0x00000006c0fdb270,0x00000006c6280000)
 Metaspace       used 33626K, capacity 35416K, committed 35496K, reserved 1079296K
  class space    used 4381K, capacity 4730K, committed 4784K, reserved 1048576K
Event: 5.573 GC heap after
Heap after GC invocations=9 (full 2):
 PSYoungGen      total 226304K, used 0K [0x000000076ae00000, 0x0000000781500000, 0x00000007c0000000)
  eden space 213504K, 0% used [0x000000076ae00000,0x000000076ae00000,0x0000000777e80000)
  from space 12800K, 0% used [0x0000000777e80000,0x0000000777e80000,0x0000000778b00000)
  to   space 12288K, 0% used [0x0000000780900000,0x0000000780900000,0x0000000781500000)
 ParOldGen       total 128512K, used 12284K [0x00000006c0a00000, 0x00000006c8780000, 0x000000076ae00000)
  object space 128512K, 9% used [0x00000006c0a00000,0x00000006c15ff2b0,0x00000006c8780000)
 Metaspace       used 33626K, capacity 35416K, committed 35496K, reserved 1079296K
  class space    used 4381K, capacity 4730K, committed 4784K, reserved 1048576K
}
Event: 8.611 GC heap before
{Heap before GC invocations=10 (full 2):
 PSYoungGen      total 226304K, used 213504K [0x000000076ae00000, 0x0000000781500000, 0x00000007c0000000)
  eden space 213504K, 100% used [0x000000076ae00000,0x0000000777e80000,0x0000000777e80000)
  from space 12800K, 0% used [0x0000000777e80000,0x0000000777e80000,0x0000000778b00000)
  to   space 12288K, 0% used [0x0000000780900000,0x0000000780900000,0x0000000781500000)
 ParOldGen       total 128512K, used 12284K [0x00000006c0a00000, 0x00000006c8780000, 0x000000076ae00000)
  object space 128512K, 9% used [0x00000006c0a00000,0x00000006c15ff2b0,0x00000006c8780000)
 Metaspace       used 55627K, capacity 58312K, committed 58664K, reserved 1099776K
  class space    used 7690K, capacity 8138K, committed 8240K, reserved 1048576K
Event: 8.635 GC heap after
Heap after GC invocations=10 (full 2):
 PSYoungGen      total 348672K, used 12266K [0x000000076ae00000, 0x0000000782080000, 0x00000007c0000000)
  eden space 336384K, 0% used [0x000000076ae00000,0x000000076ae00000,0x000000077f680000)
  from space 12288K, 99% used [0x0000000780900000,0x00000007814faa18,0x0000000781500000)
  to   space 18944K, 0% used [0x000000077f680000,0x000000077f680000,0x0000000780900000)
 ParOldGen       total 128512K, used 24009K [0x00000006c0a00000, 0x00000006c8780000, 0x000000076ae00000)
  object space 128512K, 18% used [0x00000006c0a00000,0x00000006c2172600,0x00000006c8780000)
 Metaspace       used 55627K, capacity 58312K, committed 58664K, reserved 1099776K
  class space    used 7690K, capacity 8138K, committed 8240K, reserved 1048576K
}
Event: 8.789 GC heap before
{Heap before GC invocations=11 (full 2):
 PSYoungGen      total 348672K, used 35672K [0x000000076ae00000, 0x0000000782080000, 0x00000007c0000000)
  eden space 336384K, 6% used [0x000000076ae00000,0x000000076c4db638,0x000000077f680000)
  from space 12288K, 99% used [0x0000000780900000,0x00000007814faa18,0x0000000781500000)
  to   space 18944K, 0% used [0x000000077f680000,0x000000077f680000,0x0000000780900000)
 ParOldGen       total 128512K, used 24009K [0x00000006c0a00000, 0x00000006c8780000, 0x000000076ae00000)
  object space 128512K, 18% used [0x00000006c0a00000,0x00000006c2172600,0x00000006c8780000)
 Metaspace       used 56402K, capacity 59058K, committed 59160K, reserved 1099776K
  class space    used 7808K, capacity 8279K, committed 8368K, reserved 1048576K
Event: 8.796 GC heap after
Heap after GC invocations=11 (full 2):
 PSYoungGen      total 355328K, used 8243K [0x000000076ae00000, 0x0000000789b00000, 0x00000007c0000000)
  eden space 336384K, 0% used [0x000000076ae00000,0x000000076ae00000,0x000000077f680000)
  from space 18944K, 43% used [0x000000077f680000,0x000000077fe8cf38,0x0000000780900000)
  to   space 17920K, 0% used [0x0000000788980000,0x0000000788980000,0x0000000789b00000)
 ParOldGen       total 128512K, used 24017K [0x00000006c0a00000, 0x00000006c8780000, 0x000000076ae00000)
  object space 128512K, 18% used [0x00000006c0a00000,0x00000006c2174600,0x00000006c8780000)
 Metaspace       used 56402K, capacity 59058K, committed 59160K, reserved 1099776K
  class space    used 7808K, capacity 8279K, committed 8368K, reserved 1048576K
}
Event: 8.796 GC heap before
{Heap before GC invocations=12 (full 3):
 PSYoungGen      total 355328K, used 8243K [0x000000076ae00000, 0x0000000789b00000, 0x00000007c0000000)
  eden space 336384K, 0% used [0x000000076ae00000,0x000000076ae00000,0x000000077f680000)
  from space 18944K, 43% used [0x000000077f680000,0x000000077fe8cf38,0x0000000780900000)
  to   space 17920K, 0% used [0x0000000788980000,0x0000000788980000,0x0000000789b00000)
 ParOldGen       total 128512K, used 24017K [0x00000006c0a00000, 0x00000006c8780000, 0x000000076ae00000)
  object space 128512K, 18% used [0x00000006c0a00000,0x00000006c2174600,0x00000006c8780000)
 Metaspace       used 56402K, capacity 59058K, committed 59160K, reserved 1099776K
  class space    used 7808K, capacity 8279K, committed 8368K, reserved 1048576K
Event: 8.956 GC heap after
Heap after GC invocations=12 (full 3):
 PSYoungGen      total 355328K, used 0K [0x000000076ae00000, 0x0000000789b00000, 0x00000007c0000000)
  eden space 336384K, 0% used [0x000000076ae00000,0x000000076ae00000,0x000000077f680000)
  from space 18944K, 0% used [0x000000077f680000,0x000000077f680000,0x0000000780900000)
  to   space 17920K, 0% used [0x0000000788980000,0x0000000788980000,0x0000000789b00000)
 ParOldGen       total 174080K, used 18733K [0x00000006c0a00000, 0x00000006cb400000, 0x000000076ae00000)
  object space 174080K, 10% used [0x00000006c0a00000,0x00000006c1c4b5f8,0x00000006cb400000)
 Metaspace       used 56395K, capacity 59046K, committed 59160K, reserved 1099776K
  class space    used 7807K, capacity 8277K, committed 8368K, reserved 1048576K
}

