# JRE version: Java(TM) SE Runtime Environment (8.0_221-b11) (build 1.8.0_221-b11)
# Java VM: Java HotSpot(TM) 64-Bit Server VM (25.221-b11 mixed mode windows-amd64 compressed oops)
Heap:
 PSYoungGen      total 307200K, used 122872K [0x000000076ae00000, 0x0000000784200000, 0x00000007c0000000)
  eden space 288768K, 42% used [0x000000076ae00000,0x00000007725fe308,0x000000077c800000)
  from space 18432K, 0% used [0x000000077c800000,0x000000077c800000,0x000000077da00000)
  to   space 17408K, 0% used [0x0000000783100000,0x0000000783100000,0x0000000784200000)
 ParOldGen       total 212480K, used 19377K [0x00000006c0a00000, 0x00000006cd980000, 0x000000076ae00000)
  object space 212480K, 9% used [0x00000006c0a00000,0x00000006c1cec570,0x00000006cd980000)
 Metaspace       used 64588K, capacity 67750K, committed 68008K, reserved 1107968K
  class space    used 8825K, capacity 9365K, committed 9392K, reserved 1048576K
GC Heap History (10 events):
Event: 5.324 GC heap before
{Heap before GC invocations=8 (full 1):
 PSYoungGen      total 204288K, used 61134K [0x000000076ae00000, 0x0000000778600000, 0x00000007c0000000)
  eden space 193536K, 26% used [0x000000076ae00000,0x000000076df35948,0x0000000776b00000)
  from space 10752K, 99% used [0x0000000777b80000,0x00000007785fdfb0,0x0000000778600000)
  to   space 12800K, 0% used [0x0000000776d00000,0x0000000776d00000,0x0000000777980000)
 ParOldGen       total 99328K, used 6015K [0x00000006c0a00000, 0x00000006c6b00000, 0x000000076ae00000)
  object space 99328K, 6% used [0x00000006c0a00000,0x00000006c0fdfed8,0x00000006c6b00000)
 Metaspace       used 33638K, capacity 35424K, committed 35496K, reserved 1079296K
  class space    used 4381K, capacity 4730K, committed 4784K, reserved 1048576K
Event: 5.332 GC heap after
Heap after GC invocations=8 (full 1):
 PSYoungGen      total 208384K, used 8008K [0x000000076ae00000, 0x000000077e600000, 0x00000007c0000000)
  eden space 195584K, 0% used [0x000000076ae00000,0x000000076ae00000,0x0000000776d00000)
  from space 12800K, 62% used [0x0000000776d00000,0x00000007774d2220,0x0000000777980000)
  to   space 12288K, 0% used [0x000000077da00000,0x000000077da00000,0x000000077e600000)
 ParOldGen       total 99328K, used 6023K [0x00000006c0a00000, 0x00000006c6b00000, 0x000000076ae00000)
  object space 99328K, 6% used [0x00000006c0a00000,0x00000006c0fe1ed8,0x00000006c6b00000)
 Metaspace       used 33638K, capacity 35424K, committed 35496K, reserved 1079296K
  class space    used 4381K, capacity 4730K, committed 4784K, reserved 1048576K
}
Event: 5.332 GC heap before
{Heap before GC invocations=9 (full 2):
 PSYoungGen      total 208384K, used 8008K [0x000000076ae00000, 0x000000077e600000, 0x00000007c0000000)
  eden space 195584K, 0% used [0x000000076ae00000,0x000000076ae00000,0x0000000776d00000)
  from space 12800K, 62% used [0x0000000776d00000,0x00000007774d2220,0x0000000777980000)
  to   space 12288K, 0% used [0x000000077da00000,0x000000077da00000,0x000000077e600000)
 ParOldGen       total 99328K, used 6023K [0x00000006c0a00000, 0x00000006c6b00000, 0x000000076ae00000)
  object space 99328K, 6% used [0x00000006c0a00000,0x00000006c0fe1ed8,0x00000006c6b00000)
 Metaspace       used 33638K, capacity 35424K, committed 35496K, reserved 1079296K
  class space    used 4381K, capacity 4730K, committed 4784K, reserved 1048576K
Event: 5.377 GC heap after
Heap after GC invocations=9 (full 2):
 PSYoungGen      total 208384K, used 0K [0x000000076ae00000, 0x000000077e600000, 0x00000007c0000000)
  eden space 195584K, 0% used [0x000000076ae00000,0x000000076ae00000,0x0000000776d00000)
  from space 12800K, 0% used [0x0000000776d00000,0x0000000776d00000,0x0000000777980000)
  to   space 12288K, 0% used [0x000000077da00000,0x000000077da00000,0x000000077e600000)
 ParOldGen       total 150016K, used 12295K [0x00000006c0a00000, 0x00000006c9c80000, 0x000000076ae00000)
  object space 150016K, 8% used [0x00000006c0a00000,0x00000006c1601c30,0x00000006c9c80000)
 Metaspace       used 33638K, capacity 35424K, committed 35496K, reserved 1079296K
  class space    used 4381K, capacity 4730K, committed 4784K, reserved 1048576K
}
Event: 8.180 GC heap before
{Heap before GC invocations=10 (full 2):
 PSYoungGen      total 208384K, used 195584K [0x000000076ae00000, 0x000000077e600000, 0x00000007c0000000)
  eden space 195584K, 100% used [0x000000076ae00000,0x0000000776d00000,0x0000000776d00000)
  from space 12800K, 0% used [0x0000000776d00000,0x0000000776d00000,0x0000000777980000)
  to   space 12288K, 0% used [0x000000077da00000,0x000000077da00000,0x000000077e600000)
 ParOldGen       total 150016K, used 12295K [0x00000006c0a00000, 0x00000006c9c80000, 0x000000076ae00000)
  object space 150016K, 8% used [0x00000006c0a00000,0x00000006c1601c30,0x00000006c9c80000)
 Metaspace       used 54621K, capacity 57236K, committed 57512K, reserved 1099776K
  class space    used 7549K, capacity 8020K, committed 8112K, reserved 1048576K
Event: 8.200 GC heap after
Heap after GC invocations=10 (full 2):
 PSYoungGen      total 301056K, used 12265K [0x000000076ae00000, 0x000000077f080000, 0x00000007c0000000)
  eden space 288768K, 0% used [0x000000076ae00000,0x000000076ae00000,0x000000077c800000)
  from space 12288K, 99% used [0x000000077da00000,0x000000077e5fa4b8,0x000000077e600000)
  to   space 18432K, 0% used [0x000000077c800000,0x000000077c800000,0x000000077da00000)
 ParOldGen       total 150016K, used 22475K [0x00000006c0a00000, 0x00000006c9c80000, 0x000000076ae00000)
  object space 150016K, 14% used [0x00000006c0a00000,0x00000006c1ff2df8,0x00000006c9c80000)
 Metaspace       used 54621K, capacity 57236K, committed 57512K, reserved 1099776K
  class space    used 7549K, capacity 8020K, committed 8112K, reserved 1048576K
}
Event: 8.554 GC heap before
{Heap before GC invocations=11 (full 2):
 PSYoungGen      total 301056K, used 50932K [0x000000076ae00000, 0x000000077f080000, 0x00000007c0000000)
  eden space 288768K, 13% used [0x000000076ae00000,0x000000076d3c2e90,0x000000077c800000)
  from space 12288K, 99% used [0x000000077da00000,0x000000077e5fa4b8,0x000000077e600000)
  to   space 18432K, 0% used [0x000000077c800000,0x000000077c800000,0x000000077da00000)
 ParOldGen       total 150016K, used 22475K [0x00000006c0a00000, 0x00000006c9c80000, 0x000000076ae00000)
  object space 150016K, 14% used [0x00000006c0a00000,0x00000006c1ff2df8,0x00000006c9c80000)
 Metaspace       used 56368K, capacity 59070K, committed 59160K, reserved 1099776K
  class space    used 7800K, capacity 8279K, committed 8368K, reserved 1048576K
Event: 8.562 GC heap after
Heap after GC invocations=11 (full 2):
 PSYoungGen      total 307200K, used 8983K [0x000000076ae00000, 0x0000000784200000, 0x00000007c0000000)
  eden space 288768K, 0% used [0x000000076ae00000,0x000000076ae00000,0x000000077c800000)
  from space 18432K, 48% used [0x000000077c800000,0x000000077d0c5cc8,0x000000077da00000)
  to   space 17408K, 0% used [0x0000000783100000,0x0000000783100000,0x0000000784200000)
 ParOldGen       total 150016K, used 22483K [0x00000006c0a00000, 0x00000006c9c80000, 0x000000076ae00000)
  object space 150016K, 14% used [0x00000006c0a00000,0x00000006c1ff4df8,0x00000006c9c80000)
 Metaspace       used 56368K, capacity 59070K, committed 59160K, reserved 1099776K
  class space    used 7800K, capacity 8279K, committed 8368K, reserved 1048576K
}
Event: 8.562 GC heap before
{Heap before GC invocations=12 (full 3):
 PSYoungGen      total 307200K, used 8983K [0x000000076ae00000, 0x0000000784200000, 0x00000007c0000000)
  eden space 288768K, 0% used [0x000000076ae00000,0x000000076ae00000,0x000000077c800000)
  from space 18432K, 48% used [0x000000077c800000,0x000000077d0c5cc8,0x000000077da00000)
  to   space 17408K, 0% used [0x0000000783100000,0x0000000783100000,0x0000000784200000)
 ParOldGen       total 150016K, used 22483K [0x00000006c0a00000, 0x00000006c9c80000, 0x000000076ae00000)
  object space 150016K, 14% used [0x00000006c0a00000,0x00000006c1ff4df8,0x00000006c9c80000)
 Metaspace       used 56368K, capacity 59070K, committed 59160K, reserved 1099776K
  class space    used 7800K, capacity 8279K, committed 8368K, reserved 1048576K
Event: 8.720 GC heap after
Heap after GC invocations=12 (full 3):
 PSYoungGen      total 307200K, used 0K [0x000000076ae00000, 0x0000000784200000, 0x00000007c0000000)
  eden space 288768K, 0% used [0x000000076ae00000,0x000000076ae00000,0x000000077c800000)
  from space 18432K, 0% used [0x000000077c800000,0x000000077c800000,0x000000077da00000)
  to   space 17408K, 0% used [0x0000000783100000,0x0000000783100000,0x0000000784200000)
 ParOldGen       total 212480K, used 19377K [0x00000006c0a00000, 0x00000006cd980000, 0x000000076ae00000)
  object space 212480K, 9% used [0x00000006c0a00000,0x00000006c1cec570,0x00000006cd980000)
 Metaspace       used 56361K, capacity 59058K, committed 59160K, reserved 1099776K
  class space    used 7799K, capacity 8277K, committed 8368K, reserved 1048576K
}

